<?xml version="1.0" encoding="UTF-8"?>
<testng-results skipped="0" failed="0" total="1" passed="1">
  <reporter-output>
  </reporter-output>
  <suite name="Default suite" duration-ms="24919" started-at="2021-07-12T06:12:02Z" finished-at="2021-07-12T06:12:27Z">
    <groups>
    </groups>
    <test name="Default test" duration-ms="24919" started-at="2021-07-12T06:12:02Z" finished-at="2021-07-12T06:12:27Z">
      <class name="com.projectYoutube.ProjectYoutubeTest">
        <test-method status="PASS" signature="configBeforeClass()[pri:0, instance:com.projectYoutube.ProjectYoutubeTest@21213b92]" name="configBeforeClass" is-config="true" duration-ms="16" started-at="2021-07-12T18:12:02Z" finished-at="2021-07-12T18:12:02Z">
          <reporter-output>
          </reporter-output>
        </test-method> <!-- configBeforeClass -->
        <test-method status="PASS" signature="searchTextInYouTube()[pri:0, instance:com.projectYoutube.ProjectYoutubeTest@21213b92]" name="searchTextInYouTube" duration-ms="14084" started-at="2021-07-12T18:12:02Z" finished-at="2021-07-12T18:12:16Z">
          <reporter-output>
          </reporter-output>
        </test-method> <!-- searchTextInYouTube -->
        <test-method status="PASS" signature="exitDriver()[pri:0, instance:com.projectYoutube.ProjectYoutubeTest@21213b92]" name="exitDriver" is-config="true" duration-ms="10817" started-at="2021-07-12T18:12:16Z" finished-at="2021-07-12T18:12:27Z">
          <reporter-output>
          </reporter-output>
        </test-method> <!-- exitDriver -->
      </class> <!-- com.projectYoutube.ProjectYoutubeTest -->
    </test> <!-- Default test -->
  </suite> <!-- Default suite -->
</testng-results>
